Using pre-set license
Built from '2022.3/staging' branch; Version is '2022.3.13f1 (5f90a5ebde0f) revision 6262949'; Using compiler version '192829333'; Build Type 'Release'
OS: 'Windows 11  (10.0.26100) 64bit Core' Language: 'pl' Physical Memory: 65377 MB
BatchMode: 1, IsHumanControllingUs: 0, StartBugReporterOnCrash: 0, Is64bit: 1, IsPro: 1

COMMAND LINE ARGUMENTS:
D:\Program Files\Unity Hub\Editor\Unity 2022.3.13f1\Editor\Unity.exe
-adb2
-batchMode
-noUpm
-name
AssetImportWorker3
-projectPath
D:/studia/semestr 3/Programowanie obiektowe/Statki 2.0
-logFile
Logs/AssetImportWorker3.log
-srvPort
59933
Successfully changed project path to: D:/studia/semestr 3/Programowanie obiektowe/Statki 2.0
D:/studia/semestr 3/Programowanie obiektowe/Statki 2.0
[UnityMemory] Configuration Parameters - Can be set up in boot.config
    "memorysetup-bucket-allocator-granularity=16"
    "memorysetup-bucket-allocator-bucket-count=8"
    "memorysetup-bucket-allocator-block-size=33554432"
    "memorysetup-bucket-allocator-block-count=8"
    "memorysetup-main-allocator-block-size=16777216"
    "memorysetup-thread-allocator-block-size=16777216"
    "memorysetup-gfx-main-allocator-block-size=16777216"
    "memorysetup-gfx-thread-allocator-block-size=16777216"
    "memorysetup-cache-allocator-block-size=4194304"
    "memorysetup-typetree-allocator-block-size=2097152"
    "memorysetup-profiler-bucket-allocator-granularity=16"
    "memorysetup-profiler-bucket-allocator-bucket-count=8"
    "memorysetup-profiler-bucket-allocator-block-size=33554432"
    "memorysetup-profiler-bucket-allocator-block-count=8"
    "memorysetup-profiler-allocator-block-size=16777216"
    "memorysetup-profiler-editor-allocator-block-size=1048576"
    "memorysetup-temp-allocator-size-main=16777216"
    "memorysetup-job-temp-allocator-block-size=2097152"
    "memorysetup-job-temp-allocator-block-size-background=1048576"
    "memorysetup-job-temp-allocator-reduction-small-platforms=262144"
    "memorysetup-allocator-temp-initial-block-size-main=262144"
    "memorysetup-allocator-temp-initial-block-size-worker=262144"
    "memorysetup-temp-allocator-size-background-worker=32768"
    "memorysetup-temp-allocator-size-job-worker=262144"
    "memorysetup-temp-allocator-size-preload-manager=33554432"
    "memorysetup-temp-allocator-size-nav-mesh-worker=65536"
    "memorysetup-temp-allocator-size-audio-worker=65536"
    "memorysetup-temp-allocator-size-cloud-worker=32768"
    "memorysetup-temp-allocator-size-gi-baking-worker=262144"
    "memorysetup-temp-allocator-size-gfx=262144"
Player connection [16272] Host "[IP] 192.168.102.1 [Port] 0 [Flags] 2 [Guid] 2143138926 [EditorId] 2143138926 [Version] 1048832 [Id] WindowsEditor(7,DESKTOP-EO64SHH) [Debug] 1 [PackageName] WindowsEditor [ProjectName] Editor" joined multi-casting on [225.0.0.222:54997]...

Player connection [16272] Host "[IP] 192.168.102.1 [Port] 0 [Flags] 2 [Guid] 2143138926 [EditorId] 2143138926 [Version] 1048832 [Id] WindowsEditor(7,DESKTOP-EO64SHH) [Debug] 1 [PackageName] WindowsEditor [ProjectName] Editor" joined alternative multi-casting on [225.0.0.222:34997]...

[Physics::Module] Initialized MultithreadedJobDispatcher with 27 workers.
FMOD failed to set the software format to the custom sample rate 1, trying software fallback rate 48000
Refreshing native plugins compatible for Editor in 2.97 ms, found 4 plugins.
Preloading 0 native plugins for Editor in 0.00 ms.
Initialize engine version: 2022.3.13f1 (5f90a5ebde0f)
[Subsystems] Discovering subsystems at path D:/Program Files/Unity Hub/Editor/Unity 2022.3.13f1/Editor/Data/Resources/UnitySubsystems
[Subsystems] Discovering subsystems at path D:/studia/semestr 3/Programowanie obiektowe/Statki 2.0/Assets
GfxDevice: creating device client; threaded=0; jobified=0
Direct3D:
    Version:  Direct3D 11.0 [level 11.1]
    Renderer: NVIDIA GeForce RTX 4070 Ti (ID=0x2782)
    Vendor:   NVIDIA
    VRAM:     11996 MB
    Driver:   32.0.15.6636
Shader 'WFX/Transparent Specular': fallback shader 'Particles/Alpha Blended' not found
Shader 'WFX/Transparent Diffuse': fallback shader 'Particles/Alpha Blended' not found
Initialize mono
Mono path[0] = 'D:/Program Files/Unity Hub/Editor/Unity 2022.3.13f1/Editor/Data/Managed'
Mono path[1] = 'D:/Program Files/Unity Hub/Editor/Unity 2022.3.13f1/Editor/Data/MonoBleedingEdge/lib/mono/unityjit-win32'
Mono config path = 'D:/Program Files/Unity Hub/Editor/Unity 2022.3.13f1/Editor/Data/MonoBleedingEdge/etc'
Using monoOptions --debugger-agent=transport=dt_socket,embedding=1,server=y,suspend=n,address=127.0.0.1:56848
Begin MonoManager ReloadAssembly
Registering precompiled unity dll's ...
Register platform support module: D:/Program Files/Unity Hub/Editor/Unity 2022.3.13f1/Editor/Data/PlaybackEngines/WindowsStandaloneSupport/UnityEditor.WindowsStandalone.Extensions.dll
Registered in 0.001552 seconds.
- Loaded All Assemblies, in  0.171 seconds
Native extension for WindowsStandalone target not found
Mono: successfully reloaded assembly
- Finished resetting the current domain, in  0.133 seconds
Domain Reload Profiling: 303ms
	BeginReloadAssembly (52ms)
		ExecutionOrderSort (0ms)
		DisableScriptedObjects (0ms)
		BackupInstance (0ms)
		ReleaseScriptingObjects (0ms)
		CreateAndSetChildDomain (0ms)
	RebuildCommonClasses (17ms)
	RebuildNativeTypeToScriptingClass (5ms)
	initialDomainReloadingComplete (26ms)
	LoadAllAssembliesAndSetupDomain (70ms)
		LoadAssemblies (52ms)
		RebuildTransferFunctionScriptingTraits (0ms)
		AnalyzeDomain (69ms)
			TypeCache.Refresh (68ms)
				TypeCache.ScanAssembly (60ms)
			ScanForSourceGeneratedMonoScriptInfo (0ms)
			ResolveRequiredComponents (0ms)
	FinalizeReload (133ms)
		ReleaseScriptCaches (0ms)
		RebuildScriptCaches (0ms)
		SetupLoadedEditorAssemblies (102ms)
			LogAssemblyErrors (0ms)
			InitializePlatformSupportModulesInManaged (4ms)
			SetLoadedEditorAssemblies (4ms)
			RefreshPlugins (0ms)
			BeforeProcessingInitializeOnLoad (1ms)
			ProcessInitializeOnLoadAttributes (68ms)
			ProcessInitializeOnLoadMethodAttributes (25ms)
			AfterProcessingInitializeOnLoad (0ms)
			EditorAssembliesLoaded (0ms)
		ExecutionOrderSort2 (0ms)
		AwakeInstancesAfterBackupRestoration (0ms)
========================================================================
Worker process is ready to serve import requests
Begin MonoManager ReloadAssembly
- Loaded All Assemblies, in  0.302 seconds
Refreshing native plugins compatible for Editor in 1.12 ms, found 4 plugins.
Native extension for WindowsStandalone target not found
Package Manager log level set to [2]
[Package Manager] Server::EnsureServerProcessIsRunning -- launch failed, reason: Unity was launched with the -noUpm command-line argument
[Package Manager] UpmClient::Send -- Unable to send message (not connected to UPM process).
[Package Manager] Cannot connect to Unity Package Manager local server
Mono: successfully reloaded assembly
- Finished resetting the current domain, in  0.314 seconds
Domain Reload Profiling: 616ms
	BeginReloadAssembly (73ms)
		ExecutionOrderSort (0ms)
		DisableScriptedObjects (3ms)
		BackupInstance (0ms)
		ReleaseScriptingObjects (0ms)
		CreateAndSetChildDomain (11ms)
	RebuildCommonClasses (18ms)
	RebuildNativeTypeToScriptingClass (5ms)
	initialDomainReloadingComplete (19ms)
	LoadAllAssembliesAndSetupDomain (187ms)
		LoadAssemblies (137ms)
		RebuildTransferFunctionScriptingTraits (0ms)
		AnalyzeDomain (91ms)
			TypeCache.Refresh (80ms)
				TypeCache.ScanAssembly (72ms)
			ScanForSourceGeneratedMonoScriptInfo (8ms)
			ResolveRequiredComponents (2ms)
	FinalizeReload (314ms)
		ReleaseScriptCaches (0ms)
		RebuildScriptCaches (0ms)
		SetupLoadedEditorAssemblies (237ms)
			LogAssemblyErrors (0ms)
			InitializePlatformSupportModulesInManaged (2ms)
			SetLoadedEditorAssemblies (2ms)
			RefreshPlugins (0ms)
			BeforeProcessingInitializeOnLoad (28ms)
			ProcessInitializeOnLoadAttributes (192ms)
			ProcessInitializeOnLoadMethodAttributes (11ms)
			AfterProcessingInitializeOnLoad (1ms)
			EditorAssembliesLoaded (0ms)
		ExecutionOrderSort2 (0ms)
		AwakeInstancesAfterBackupRestoration (4ms)
Shader 'WFX/Transparent Specular': fallback shader 'Particles/Alpha Blended' not found
Shader 'WFX/Transparent Diffuse': fallback shader 'Particles/Alpha Blended' not found
Launched and connected shader compiler UnityShaderCompiler.exe after 0.02 seconds
Refreshing native plugins compatible for Editor in 1.09 ms, found 4 plugins.
Preloading 0 native plugins for Editor in 0.00 ms.
Unloading 3214 Unused Serialized files (Serialized files now loaded: 0)
Unloading 38 unused Assets / (0.8 MB). Loaded Objects now: 3693.
Memory consumption went from 221.0 MB to 220.3 MB.
Total: 1.976600 ms (FindLiveObjects: 0.144900 ms CreateObjectMapping: 0.043000 ms MarkObjects: 1.502200 ms  DeleteObjects: 0.285300 ms)

AssetImportParameters requested are different than current active one (requested -> active):
  custom:container-demuxer-ogg: 62fdf1f143b41e24485cea50d1cbac27 -> 
  custom:video-decoder-ogg-theora: a1e56fd34408186e4bbccfd4996cb3dc -> 
  custom:framework-win-MediaFoundation: 216162199b28c13a410421893ffa2e32 -> 
  custom:CustomObjectIndexerAttribute: 756ad292c208cfabdd7b50bc23989ffe -> 
  custom:container-demuxer-webm: 4f35f7cbe854078d1ac9338744f61a02 -> 
  custom:container-muxer-webm: aa71ff27fc2769a1b78a27578f13a17b -> 
  custom:video-decoder-webm-vp8: 9c59270c3fd7afecdb556c50c9e8de78 -> 
  custom:SearchIndexIgnoredProperties: e643bd26f0fe6173181afceb89e7c659 -> 
  custom:AudioImporter_EditorPlatform: d09bf68614088b80899f8185d706f6e7 -> 
  custom:video-encoder-webm-vp8: eb34c28f22e8b96e1ab97ce403110664 -> 
  custom:audio-decoder-ogg-vorbis: bf7c407c2cedff20999df2af8eb42d56 -> 
  custom:audio-encoder-webm-vorbis: bf7c407c2cedff20999df2af8eb42d56 -> 
========================================================================
Received Import Request.
  Time since last request: 76911.494840 seconds.
  path: Assets/JMO Assets/WarFX/_Effects (Mobile)/Fire/No Smoke/WFXMR_Fire Natural Circle (No Smoke).prefab
  artifactKey: Guid(16fa56e3bc952f8418a8c26526b344e8) Importer(815301076,1909f56bfc062723c751e8b465ee728b)
Start importing Assets/JMO Assets/WarFX/_Effects (Mobile)/Fire/No Smoke/WFXMR_Fire Natural Circle (No Smoke).prefab using Guid(16fa56e3bc952f8418a8c26526b344e8) Importer(815301076,1909f56bfc062723c751e8b465ee728b)  -> (artifact id: '9270971f2eedf9abc2509e15f395bc9d') in 0.054397 seconds
Number of updated asset objects reloaded before import = 0
Number of asset objects unloaded after import = 15
========================================================================
Received Import Request.
  Time since last request: 0.566934 seconds.
  path: Assets/JMO Assets/WarFX/_Effects (Mobile)/Fire/Gray Smoke/WFXMR_GazFireBig (Gray Smoke).prefab
  artifactKey: Guid(0cb8c2d73332b6845b2eec02e21e91f2) Importer(815301076,1909f56bfc062723c751e8b465ee728b)
Start importing Assets/JMO Assets/WarFX/_Effects (Mobile)/Fire/Gray Smoke/WFXMR_GazFireBig (Gray Smoke).prefab using Guid(0cb8c2d73332b6845b2eec02e21e91f2) Importer(815301076,1909f56bfc062723c751e8b465ee728b)  -> (artifact id: 'a2d20e5ef469be0fad34797d26c47e53') in 0.005297 seconds
Number of updated asset objects reloaded before import = 0
Number of asset objects unloaded after import = 21
========================================================================
Received Import Request.
  Time since last request: 10.064248 seconds.
  path: Assets/Materials/Statek.mat
  artifactKey: Guid(70c605fd19caeef4a8240e4a9d01a48e) Importer(815301076,1909f56bfc062723c751e8b465ee728b)
Start importing Assets/Materials/Statek.mat using Guid(70c605fd19caeef4a8240e4a9d01a48e) Importer(815301076,1909f56bfc062723c751e8b465ee728b)  -> (artifact id: '9e2bfa74e4264e2f1dae4c10e4b55cbc') in 0.024796 seconds
Number of updated asset objects reloaded before import = 0
Number of asset objects unloaded after import = 1
========================================================================
Received Import Request.
  Time since last request: 0.000012 seconds.
  path: Assets/Materials/Znacznik.mat
  artifactKey: Guid(2ba30d0a99424aa429c1e46020cbf9ee) Importer(815301076,1909f56bfc062723c751e8b465ee728b)
Start importing Assets/Materials/Znacznik.mat using Guid(2ba30d0a99424aa429c1e46020cbf9ee) Importer(815301076,1909f56bfc062723c751e8b465ee728b)  -> (artifact id: '843d04d419cde38a3578493db0b6183a') in 0.007909 seconds
Number of updated asset objects reloaded before import = 0
Number of asset objects unloaded after import = 1
========================================================================
Received Import Request.
  Time since last request: 0.000018 seconds.
  path: Assets/Materials/Stylize Water Diffuse.mat
  artifactKey: Guid(db96e04f47f6c2a44bc6bb90f93602ec) Importer(815301076,1909f56bfc062723c751e8b465ee728b)
Start importing Assets/Materials/Stylize Water Diffuse.mat using Guid(db96e04f47f6c2a44bc6bb90f93602ec) Importer(815301076,1909f56bfc062723c751e8b465ee728b)  -> (artifact id: 'a3d36a725e45ee892b2a1797934135da') in 0.008794 seconds
Number of updated asset objects reloaded before import = 0
Number of asset objects unloaded after import = 2
========================================================================
Received Import Request.
  Time since last request: 1.470889 seconds.
  path: Assets/Materials/tla/Transition_Background.png
  artifactKey: Guid(085e3f349871d3048a1b6224c4490ea3) Importer(815301076,1909f56bfc062723c751e8b465ee728b)
Start importing Assets/Materials/tla/Transition_Background.png using Guid(085e3f349871d3048a1b6224c4490ea3) Importer(815301076,1909f56bfc062723c751e8b465ee728b)  -> (artifact id: 'e1f6c4d2edc45cbaa3e00b341509535c') in 0.020358 seconds
Number of updated asset objects reloaded before import = 0
Number of asset objects unloaded after import = 3
========================================================================
Received Import Request.
  Time since last request: 0.000009 seconds.
  path: Assets/Materials/tla/Zrzut ekranu 2025-01-21 165027.png
  artifactKey: Guid(80c0377fd2a7ec74d97c63003439ba32) Importer(815301076,1909f56bfc062723c751e8b465ee728b)
Start importing Assets/Materials/tla/Zrzut ekranu 2025-01-21 165027.png using Guid(80c0377fd2a7ec74d97c63003439ba32) Importer(815301076,1909f56bfc062723c751e8b465ee728b)  -> (artifact id: '6accf7db6b40c4e37c30ba1dade545a6') in 0.011808 seconds
Number of updated asset objects reloaded before import = 0
Number of asset objects unloaded after import = 3
========================================================================
Received Import Request.
  Time since last request: 0.000010 seconds.
  path: Assets/Materials/tla/Zrzut ekranu 2025-01-21 165022.png
  artifactKey: Guid(d8eb2d722cb261140ae7c8a02bda8034) Importer(815301076,1909f56bfc062723c751e8b465ee728b)
Start importing Assets/Materials/tla/Zrzut ekranu 2025-01-21 165022.png using Guid(d8eb2d722cb261140ae7c8a02bda8034) Importer(815301076,1909f56bfc062723c751e8b465ee728b)  -> (artifact id: 'd482beb573c015fccd8eba1f1e4eb7ac') in 0.010821 seconds
Number of updated asset objects reloaded before import = 0
Number of asset objects unloaded after import = 3
========================================================================
Received Import Request.
  Time since last request: 238.699140 seconds.
  path: Assets/JMO Assets/WarFX/Demo/UI Canvas/CFX Demo Btn Arrow R.png
  artifactKey: Guid(3783f195e2c8dc84cb1461fbe881e9cb) Importer(815301076,1909f56bfc062723c751e8b465ee728b)
Start importing Assets/JMO Assets/WarFX/Demo/UI Canvas/CFX Demo Btn Arrow R.png using Guid(3783f195e2c8dc84cb1461fbe881e9cb) Importer(815301076,1909f56bfc062723c751e8b465ee728b)  -> (artifact id: 'f63ea524d33d3bc60e5bd5589730d8d5') in 0.018896 seconds
Number of updated asset objects reloaded before import = 0
Number of asset objects unloaded after import = 3
========================================================================
Received Import Request.
  Time since last request: 0.000011 seconds.
  path: Assets/JMO Assets/WarFX/Demo/UI Canvas/CFX Demo Btn Camera.png
  artifactKey: Guid(4c72f3c555f96274787f31379fabb6ff) Importer(815301076,1909f56bfc062723c751e8b465ee728b)
Start importing Assets/JMO Assets/WarFX/Demo/UI Canvas/CFX Demo Btn Camera.png using Guid(4c72f3c555f96274787f31379fabb6ff) Importer(815301076,1909f56bfc062723c751e8b465ee728b)  -> (artifact id: '7ae19a0d435a63f0502984c96aceefc9') in 0.014071 seconds
Number of updated asset objects reloaded before import = 0
Number of asset objects unloaded after import = 3
========================================================================
Received Import Request.
  Time since last request: 0.000010 seconds.
  path: Assets/JMO Assets/WarFX/Demo/UI Canvas/CFX Demo Btn Camera H.png
  artifactKey: Guid(90cdb91b8028d984b9adf63a23402f86) Importer(815301076,1909f56bfc062723c751e8b465ee728b)
Start importing Assets/JMO Assets/WarFX/Demo/UI Canvas/CFX Demo Btn Camera H.png using Guid(90cdb91b8028d984b9adf63a23402f86) Importer(815301076,1909f56bfc062723c751e8b465ee728b)  -> (artifact id: 'ec8bc377b0e18a22c2cd5a9d26bf8ebc') in 0.013589 seconds
Number of updated asset objects reloaded before import = 0
Number of asset objects unloaded after import = 3
Editor requested this worker to shutdown with reason: Scaling down because of idle timeout
TcpMessagingSession - receive error: operation aborted. errorcode: 995, details: Operacja We/Wy zosta³a przerwana z powodu zakoñczenia w¹tku lub ¿¹dania aplikacji.
AssetImportWorker is now disconnected from the server
Process exiting
Exiting without the bug reporter. Application will terminate with return code 0