Using pre-set license
Built from '2022.3/staging' branch; Version is '2022.3.13f1 (5f90a5ebde0f) revision 6262949'; Using compiler version '192829333'; Build Type 'Release'
OS: 'Windows 11  (10.0.22631) 64bit Core' Language: 'pl' Physical Memory: 15870 MB
BatchMode: 1, IsHumanControllingUs: 0, StartBugReporterOnCrash: 0, Is64bit: 1, IsPro: 1

COMMAND LINE ARGUMENTS:
C:\Program Files\Unity\Hub\Editor\2022.3.13f1\Editor\Unity.exe
-adb2
-batchMode
-noUpm
-name
AssetImportWorker4
-projectPath
C:/Users/marko/Studia/Programowanie obiektowe/statki
-logFile
Logs/AssetImportWorker4.log
-srvPort
52773
Successfully changed project path to: C:/Users/marko/Studia/Programowanie obiektowe/statki
C:/Users/marko/Studia/Programowanie obiektowe/statki
[UnityMemory] Configuration Parameters - Can be set up in boot.config
    "memorysetup-bucket-allocator-granularity=16"
    "memorysetup-bucket-allocator-bucket-count=8"
    "memorysetup-bucket-allocator-block-size=33554432"
    "memorysetup-bucket-allocator-block-count=8"
    "memorysetup-main-allocator-block-size=16777216"
    "memorysetup-thread-allocator-block-size=16777216"
    "memorysetup-gfx-main-allocator-block-size=16777216"
    "memorysetup-gfx-thread-allocator-block-size=16777216"
    "memorysetup-cache-allocator-block-size=4194304"
    "memorysetup-typetree-allocator-block-size=2097152"
    "memorysetup-profiler-bucket-allocator-granularity=16"
    "memorysetup-profiler-bucket-allocator-bucket-count=8"
    "memorysetup-profiler-bucket-allocator-block-size=33554432"
    "memorysetup-profiler-bucket-allocator-block-count=8"
    "memorysetup-profiler-allocator-block-size=16777216"
    "memorysetup-profiler-editor-allocator-block-size=1048576"
    "memorysetup-temp-allocator-size-main=16777216"
    "memorysetup-job-temp-allocator-block-size=2097152"
    "memorysetup-job-temp-allocator-block-size-background=1048576"
    "memorysetup-job-temp-allocator-reduction-small-platforms=262144"
    "memorysetup-allocator-temp-initial-block-size-main=262144"
    "memorysetup-allocator-temp-initial-block-size-worker=262144"
    "memorysetup-temp-allocator-size-background-worker=32768"
    "memorysetup-temp-allocator-size-job-worker=262144"
    "memorysetup-temp-allocator-size-preload-manager=33554432"
    "memorysetup-temp-allocator-size-nav-mesh-worker=65536"
    "memorysetup-temp-allocator-size-audio-worker=65536"
    "memorysetup-temp-allocator-size-cloud-worker=32768"
    "memorysetup-temp-allocator-size-gi-baking-worker=262144"
    "memorysetup-temp-allocator-size-gfx=262144"
Player connection [1424] Host "[IP] 192.168.175.70 [Port] 0 [Flags] 2 [Guid] 1376737695 [EditorId] 1376737695 [Version] 1048832 [Id] WindowsEditor(7,Marcin) [Debug] 1 [PackageName] WindowsEditor [ProjectName] Editor" joined multi-casting on [225.0.0.222:54997]...

Player connection [1424] Host "[IP] 192.168.175.70 [Port] 0 [Flags] 2 [Guid] 1376737695 [EditorId] 1376737695 [Version] 1048832 [Id] WindowsEditor(7,Marcin) [Debug] 1 [PackageName] WindowsEditor [ProjectName] Editor" joined alternative multi-casting on [225.0.0.222:34997]...

[Physics::Module] Initialized MultithreadedJobDispatcher with 17 workers.
Refreshing native plugins compatible for Editor in 11.28 ms, found 4 plugins.
Preloading 0 native plugins for Editor in 0.00 ms.
Initialize engine version: 2022.3.13f1 (5f90a5ebde0f)
[Subsystems] Discovering subsystems at path C:/Program Files/Unity/Hub/Editor/2022.3.13f1/Editor/Data/Resources/UnitySubsystems
[Subsystems] Discovering subsystems at path C:/Users/marko/Studia/Programowanie obiektowe/statki/Assets
GfxDevice: creating device client; threaded=0; jobified=0
Direct3D:
    Version:  Direct3D 11.0 [level 11.1]
    Renderer: Intel(R) Arc(TM) Graphics (ID=0x7d55)
    Vendor:   Intel
    VRAM:     7935 MB
    Driver:   31.0.101.5447
Initialize mono
Mono path[0] = 'C:/Program Files/Unity/Hub/Editor/2022.3.13f1/Editor/Data/Managed'
Mono path[1] = 'C:/Program Files/Unity/Hub/Editor/2022.3.13f1/Editor/Data/MonoBleedingEdge/lib/mono/unityjit-win32'
Mono config path = 'C:/Program Files/Unity/Hub/Editor/2022.3.13f1/Editor/Data/MonoBleedingEdge/etc'
Using monoOptions --debugger-agent=transport=dt_socket,embedding=1,server=y,suspend=n,address=127.0.0.1:56640
Begin MonoManager ReloadAssembly
Registering precompiled unity dll's ...
Register platform support module: C:/Program Files/Unity/Hub/Editor/2022.3.13f1/Editor/Data/PlaybackEngines/WindowsStandaloneSupport/UnityEditor.WindowsStandalone.Extensions.dll
Registered in 0.008050 seconds.
- Loaded All Assemblies, in  0.424 seconds
Native extension for WindowsStandalone target not found
Mono: successfully reloaded assembly
- Finished resetting the current domain, in  0.347 seconds
Domain Reload Profiling: 769ms
	BeginReloadAssembly (122ms)
		ExecutionOrderSort (0ms)
		DisableScriptedObjects (0ms)
		BackupInstance (0ms)
		ReleaseScriptingObjects (0ms)
		CreateAndSetChildDomain (1ms)
	RebuildCommonClasses (34ms)
	RebuildNativeTypeToScriptingClass (10ms)
	initialDomainReloadingComplete (71ms)
	LoadAllAssembliesAndSetupDomain (185ms)
		LoadAssemblies (120ms)
		RebuildTransferFunctionScriptingTraits (0ms)
		AnalyzeDomain (183ms)
			TypeCache.Refresh (181ms)
				TypeCache.ScanAssembly (162ms)
			ScanForSourceGeneratedMonoScriptInfo (0ms)
			ResolveRequiredComponents (0ms)
	FinalizeReload (348ms)
		ReleaseScriptCaches (0ms)
		RebuildScriptCaches (0ms)
		SetupLoadedEditorAssemblies (279ms)
			LogAssemblyErrors (0ms)
			InitializePlatformSupportModulesInManaged (9ms)
			SetLoadedEditorAssemblies (11ms)
			RefreshPlugins (0ms)
			BeforeProcessingInitializeOnLoad (3ms)
			ProcessInitializeOnLoadAttributes (187ms)
			ProcessInitializeOnLoadMethodAttributes (69ms)
			AfterProcessingInitializeOnLoad (0ms)
			EditorAssembliesLoaded (0ms)
		ExecutionOrderSort2 (0ms)
		AwakeInstancesAfterBackupRestoration (0ms)
========================================================================
Worker process is ready to serve import requests
Begin MonoManager ReloadAssembly
- Loaded All Assemblies, in  0.779 seconds
Refreshing native plugins compatible for Editor in 3.74 ms, found 4 plugins.
Native extension for WindowsStandalone target not found
Package Manager log level set to [2]
[Package Manager] Server::EnsureServerProcessIsRunning -- launch failed, reason: Unity was launched with the -noUpm command-line argument
[Package Manager] UpmClient::Send -- Unable to send message (not connected to UPM process).
[Package Manager] Cannot connect to Unity Package Manager local server
Mono: successfully reloaded assembly
- Finished resetting the current domain, in  0.726 seconds
Domain Reload Profiling: 1503ms
	BeginReloadAssembly (166ms)
		ExecutionOrderSort (0ms)
		DisableScriptedObjects (5ms)
		BackupInstance (0ms)
		ReleaseScriptingObjects (0ms)
		CreateAndSetChildDomain (28ms)
	RebuildCommonClasses (32ms)
	RebuildNativeTypeToScriptingClass (13ms)
	initialDomainReloadingComplete (56ms)
	LoadAllAssembliesAndSetupDomain (510ms)
		LoadAssemblies (410ms)
		RebuildTransferFunctionScriptingTraits (0ms)
		AnalyzeDomain (184ms)
			TypeCache.Refresh (159ms)
				TypeCache.ScanAssembly (143ms)
			ScanForSourceGeneratedMonoScriptInfo (14ms)
			ResolveRequiredComponents (8ms)
	FinalizeReload (726ms)
		ReleaseScriptCaches (0ms)
		RebuildScriptCaches (0ms)
		SetupLoadedEditorAssemblies (540ms)
			LogAssemblyErrors (0ms)
			InitializePlatformSupportModulesInManaged (8ms)
			SetLoadedEditorAssemblies (6ms)
			RefreshPlugins (0ms)
			BeforeProcessingInitializeOnLoad (67ms)
			ProcessInitializeOnLoadAttributes (427ms)
			ProcessInitializeOnLoadMethodAttributes (25ms)
			AfterProcessingInitializeOnLoad (7ms)
			EditorAssembliesLoaded (0ms)
		ExecutionOrderSort2 (0ms)
		AwakeInstancesAfterBackupRestoration (8ms)
Launched and connected shader compiler UnityShaderCompiler.exe after 0.10 seconds
Refreshing native plugins compatible for Editor in 3.91 ms, found 4 plugins.
Preloading 0 native plugins for Editor in 0.00 ms.
Unloading 3187 Unused Serialized files (Serialized files now loaded: 0)
Unloading 38 unused Assets / (0.9 MB). Loaded Objects now: 3662.
Memory consumption went from 143.9 MB to 143.1 MB.
Total: 3.095800 ms (FindLiveObjects: 0.201800 ms CreateObjectMapping: 0.048400 ms MarkObjects: 2.424600 ms  DeleteObjects: 0.419800 ms)

AssetImportParameters requested are different than current active one (requested -> active):
  custom:container-demuxer-ogg: 62fdf1f143b41e24485cea50d1cbac27 -> 
  custom:video-codec-MediaFoundation-h265: 746d11721c4dcdbdad8f713fa42b33f4 -> 
  custom:video-decoder-ogg-theora: a1e56fd34408186e4bbccfd4996cb3dc -> 
  custom:framework-win-MediaFoundation: 216162199b28c13a410421893ffa2e32 -> 
  custom:CustomObjectIndexerAttribute: 756ad292c208cfabdd7b50bc23989ffe -> 
  custom:container-demuxer-webm: 4f35f7cbe854078d1ac9338744f61a02 -> 
  custom:container-muxer-webm: aa71ff27fc2769a1b78a27578f13a17b -> 
  custom:video-decoder-webm-vp8: 9c59270c3fd7afecdb556c50c9e8de78 -> 
  custom:SearchIndexIgnoredProperties: e643bd26f0fe6173181afceb89e7c659 -> 
  custom:AudioImporter_EditorPlatform: d09bf68614088b80899f8185d706f6e7 -> 
  custom:video-encoder-webm-vp8: eb34c28f22e8b96e1ab97ce403110664 -> 
  custom:audio-decoder-ogg-vorbis: bf7c407c2cedff20999df2af8eb42d56 -> 
  custom:audio-encoder-webm-vorbis: bf7c407c2cedff20999df2af8eb42d56 -> 
========================================================================
Received Import Request.
  Time since last request: 2232151.443280 seconds.
  path: Assets/Farming_game_FX/Materials/Farming/atom_particle_2.mat
  artifactKey: Guid(8a78b1cef3de9ca438bac6ddad6f50a9) Importer(815301076,1909f56bfc062723c751e8b465ee728b)
Start importing Assets/Farming_game_FX/Materials/Farming/atom_particle_2.mat using Guid(8a78b1cef3de9ca438bac6ddad6f50a9) Importer(815301076,1909f56bfc062723c751e8b465ee728b)  -> (artifact id: 'd584ae3ba40b3f6dfd630830ca073f2a') in 5.670248 seconds
Number of updated asset objects reloaded before import = 0
Number of asset objects unloaded after import = 2
========================================================================
Received Import Request.
  Time since last request: 1.973399 seconds.
  path: Assets/Farming_game_FX/Prefabs/Fishing
  artifactKey: Guid(c9d2e49988736614a9f1e55666b9f1ed) Importer(815301076,1909f56bfc062723c751e8b465ee728b)
Start importing Assets/Farming_game_FX/Prefabs/Fishing using Guid(c9d2e49988736614a9f1e55666b9f1ed) Importer(815301076,1909f56bfc062723c751e8b465ee728b)  -> (artifact id: '7e583ebfdc26c9d75a8a92726c4e088a') in 0.000905 seconds
Number of updated asset objects reloaded before import = 0
Number of asset objects unloaded after import = 0
========================================================================
Received Import Request.
  Time since last request: 0.021257 seconds.
  path: Assets/Farming_game_FX/Prefabs/Fishing/FishingBait.prefab
  artifactKey: Guid(1d36ec230513904468e9b46d395e43ce) Importer(815301076,1909f56bfc062723c751e8b465ee728b)
Start importing Assets/Farming_game_FX/Prefabs/Fishing/FishingBait.prefab using Guid(1d36ec230513904468e9b46d395e43ce) Importer(815301076,1909f56bfc062723c751e8b465ee728b)  -> (artifact id: '8b89ac90cfd63388ce3674ae6deabb59') in 0.035048 seconds
Number of updated asset objects reloaded before import = 0
Number of asset objects unloaded after import = 10
========================================================================
Received Import Request.
  Time since last request: 41.864568 seconds.
  path: Assets/Farming_game_FX/DemoScene/DemoScene.prefab
  artifactKey: Guid(fb93cbff369a26340905c94d9f8cea0c) Importer(815301076,1909f56bfc062723c751e8b465ee728b)
Start importing Assets/Farming_game_FX/DemoScene/DemoScene.prefab using Guid(fb93cbff369a26340905c94d9f8cea0c) Importer(815301076,1909f56bfc062723c751e8b465ee728b)  -> (artifact id: '27bdfd6bf7992b3e94c40353e8648c68') in 0.240258 seconds
Number of updated asset objects reloaded before import = 0
Number of asset objects unloaded after import = 255
========================================================================
Received Import Request.
  Time since last request: 2.888841 seconds.
  path: Assets/Materials/Button_1.png
  artifactKey: Guid(a51bd2ef6f9318348ab9ddff52275d44) Importer(815301076,1909f56bfc062723c751e8b465ee728b)
Start importing Assets/Materials/Button_1.png using Guid(a51bd2ef6f9318348ab9ddff52275d44) Importer(815301076,1909f56bfc062723c751e8b465ee728b)  -> (artifact id: '60bdfdfa326b73958735e198941db9d4') in 0.062180 seconds
Number of updated asset objects reloaded before import = 0
Number of asset objects unloaded after import = 3
========================================================================
Received Import Request.
  Time since last request: 0.001256 seconds.
  path: Assets/Materials/ZnacznikZniszczonych.mat
  artifactKey: Guid(7d289cf73e0f7184598d46d0e863de16) Importer(815301076,1909f56bfc062723c751e8b465ee728b)
Start importing Assets/Materials/ZnacznikZniszczonych.mat using Guid(7d289cf73e0f7184598d46d0e863de16) Importer(815301076,1909f56bfc062723c751e8b465ee728b)  -> (artifact id: '6c80352766ea205a396d00b176841ace') in 0.029481 seconds
Number of updated asset objects reloaded before import = 0
Number of asset objects unloaded after import = 1
========================================================================
Received Import Request.
  Time since last request: 0.000955 seconds.
  path: Assets/Materials/Tymczasowy ekran przejsciowy.png
  artifactKey: Guid(969ee4ad943c5a64ea0a44cb7116dc04) Importer(815301076,1909f56bfc062723c751e8b465ee728b)
Start importing Assets/Materials/Tymczasowy ekran przejsciowy.png using Guid(969ee4ad943c5a64ea0a44cb7116dc04) Importer(815301076,1909f56bfc062723c751e8b465ee728b)  -> (artifact id: '1443653a861aab42359a34fab1abe708') in 0.036462 seconds
Number of updated asset objects reloaded before import = 0
Number of asset objects unloaded after import = 3
========================================================================
Received Import Request.
  Time since last request: 0.000925 seconds.
  path: Assets/Materials/Statek 1.mat
  artifactKey: Guid(fed8cb43001f27849bc63eaea3938b2e) Importer(815301076,1909f56bfc062723c751e8b465ee728b)
Start importing Assets/Materials/Statek 1.mat using Guid(fed8cb43001f27849bc63eaea3938b2e) Importer(815301076,1909f56bfc062723c751e8b465ee728b)  -> (artifact id: '9c0ed1b002a0850dbe3a5335f7053ffa') in 0.028297 seconds
Number of updated asset objects reloaded before import = 0
Number of asset objects unloaded after import = 1
========================================================================
Received Import Request.
  Time since last request: 0.282697 seconds.
  path: Assets/Particles/Explosion03.prefab
  artifactKey: Guid(6b5e9c3dedde64240ac58831af0e3754) Importer(815301076,1909f56bfc062723c751e8b465ee728b)
Start importing Assets/Particles/Explosion03.prefab using Guid(6b5e9c3dedde64240ac58831af0e3754) Importer(815301076,1909f56bfc062723c751e8b465ee728b)  -> (artifact id: 'ab746e62303fc75bc01eda2cbfad3ddb') in 0.109755 seconds
Number of updated asset objects reloaded before import = 0
Number of asset objects unloaded after import = 8
========================================================================
Received Import Request.
  Time since last request: 17.835967 seconds.
  path: Assets/Farming_game_FX/Prefabs/Mineing
  artifactKey: Guid(a3ce7b56e5222e74c87f7fa68a7cb082) Importer(815301076,1909f56bfc062723c751e8b465ee728b)
Start importing Assets/Farming_game_FX/Prefabs/Mineing using Guid(a3ce7b56e5222e74c87f7fa68a7cb082) Importer(815301076,1909f56bfc062723c751e8b465ee728b)  -> (artifact id: '100f5b66703fb3fff52fc2dc75d622b0') in 0.014078 seconds
Number of updated asset objects reloaded before import = 0
Number of asset objects unloaded after import = 0
========================================================================
Received Import Request.
  Time since last request: 0.001940 seconds.
  path: Assets/Farming_game_FX/Prefabs/Mineing/FX_Mineing.prefab
  artifactKey: Guid(5a0db2ebfbaf7214b9fb9e6e04be1151) Importer(815301076,1909f56bfc062723c751e8b465ee728b)
Start importing Assets/Farming_game_FX/Prefabs/Mineing/FX_Mineing.prefab using Guid(5a0db2ebfbaf7214b9fb9e6e04be1151) Importer(815301076,1909f56bfc062723c751e8b465ee728b)  -> (artifact id: '869ab1a2c4ecf439651b6219f8c94e67') in 0.029135 seconds
Number of updated asset objects reloaded before import = 0
Number of asset objects unloaded after import = 20
========================================================================
Received Import Request.
  Time since last request: 35.650681 seconds.
  path: Assets/Scenes/Player1.unity
  artifactKey: Guid(3fed14de8f8e4a94facefafedc56bd99) Importer(815301076,1909f56bfc062723c751e8b465ee728b)
Start importing Assets/Scenes/Player1.unity using Guid(3fed14de8f8e4a94facefafedc56bd99) Importer(815301076,1909f56bfc062723c751e8b465ee728b)  -> (artifact id: 'e1fed1f507d3aff2c4f49c76835bb976') in 0.000722 seconds
Number of updated asset objects reloaded before import = 0
Number of asset objects unloaded after import = 0
========================================================================
Received Import Request.
  Time since last request: 11.061968 seconds.
  path: Assets/Particles/FX_WaterSplash2.prefab
  artifactKey: Guid(ee1c36be32b35c844beaaec7378d2ac4) Importer(815301076,1909f56bfc062723c751e8b465ee728b)
Start importing Assets/Particles/FX_WaterSplash2.prefab using Guid(ee1c36be32b35c844beaaec7378d2ac4) Importer(815301076,1909f56bfc062723c751e8b465ee728b)  -> (artifact id: '9ae998b3705b05b5bab0be8ff736fe6a') in 0.022625 seconds
Number of updated asset objects reloaded before import = 0
Number of asset objects unloaded after import = 18
========================================================================
Received Prepare
Begin MonoManager ReloadAssembly
- Loaded All Assemblies, in  0.392 seconds
Refreshing native plugins compatible for Editor in 3.98 ms, found 4 plugins.
Native extension for WindowsStandalone target not found
[Package Manager] Server::EnsureServerProcessIsRunning -- launch failed, reason: Unity was launched with the -noUpm command-line argument
[Package Manager] UpmClient::Send -- Unable to send message (not connected to UPM process).
[Package Manager] Cannot connect to Unity Package Manager local server
Mono: successfully reloaded assembly
- Finished resetting the current domain, in  1.652 seconds
Domain Reload Profiling: 2042ms
	BeginReloadAssembly (127ms)
		ExecutionOrderSort (0ms)
		DisableScriptedObjects (3ms)
		BackupInstance (0ms)
		ReleaseScriptingObjects (0ms)
		CreateAndSetChildDomain (35ms)
	RebuildCommonClasses (22ms)
	RebuildNativeTypeToScriptingClass (8ms)
	initialDomainReloadingComplete (23ms)
	LoadAllAssembliesAndSetupDomain (210ms)
		LoadAssemblies (260ms)
		RebuildTransferFunctionScriptingTraits (0ms)
		AnalyzeDomain (11ms)
			TypeCache.Refresh (6ms)
				TypeCache.ScanAssembly (0ms)
			ScanForSourceGeneratedMonoScriptInfo (0ms)
			ResolveRequiredComponents (4ms)
	FinalizeReload (1652ms)
		ReleaseScriptCaches (0ms)
		RebuildScriptCaches (0ms)
		SetupLoadedEditorAssemblies (450ms)
			LogAssemblyErrors (0ms)
			InitializePlatformSupportModulesInManaged (6ms)
			SetLoadedEditorAssemblies (4ms)
			RefreshPlugins (0ms)
			BeforeProcessingInitializeOnLoad (58ms)
			ProcessInitializeOnLoadAttributes (347ms)
			ProcessInitializeOnLoadMethodAttributes (29ms)
			AfterProcessingInitializeOnLoad (6ms)
			EditorAssembliesLoaded (0ms)
		ExecutionOrderSort2 (0ms)
		AwakeInstancesAfterBackupRestoration (8ms)
Refreshing native plugins compatible for Editor in 3.89 ms, found 4 plugins.
Preloading 0 native plugins for Editor in 0.00 ms.
Unloading 3158 Unused Serialized files (Serialized files now loaded: 0)
Unloading 31 unused Assets / (0.8 MB). Loaded Objects now: 3714.
Memory consumption went from 216.9 MB to 216.1 MB.
Total: 6.120900 ms (FindLiveObjects: 0.593400 ms CreateObjectMapping: 0.162800 ms MarkObjects: 4.811600 ms  DeleteObjects: 0.551700 ms)

Prepare: number of updated asset objects reloaded= 0
AssetImportParameters requested are different than current active one (requested -> active):
  custom:container-demuxer-ogg: 62fdf1f143b41e24485cea50d1cbac27 -> 
  custom:video-codec-MediaFoundation-h265: 746d11721c4dcdbdad8f713fa42b33f4 -> 
  custom:video-decoder-ogg-theora: a1e56fd34408186e4bbccfd4996cb3dc -> 
  custom:framework-win-MediaFoundation: 216162199b28c13a410421893ffa2e32 -> 
  custom:CustomObjectIndexerAttribute: 756ad292c208cfabdd7b50bc23989ffe -> 
  custom:container-demuxer-webm: 4f35f7cbe854078d1ac9338744f61a02 -> 
  custom:container-muxer-webm: aa71ff27fc2769a1b78a27578f13a17b -> 
  custom:video-decoder-webm-vp8: 9c59270c3fd7afecdb556c50c9e8de78 -> 
  custom:SearchIndexIgnoredProperties: e643bd26f0fe6173181afceb89e7c659 -> 
  custom:AudioImporter_EditorPlatform: d09bf68614088b80899f8185d706f6e7 -> 
  custom:video-encoder-webm-vp8: eb34c28f22e8b96e1ab97ce403110664 -> 
  custom:audio-decoder-ogg-vorbis: bf7c407c2cedff20999df2af8eb42d56 -> 
  custom:audio-encoder-webm-vorbis: bf7c407c2cedff20999df2af8eb42d56 -> 
========================================================================
Received Import Request.
  Time since last request: 155.979724 seconds.
  path: Assets/Scenes/Player2.unity
  artifactKey: Guid(c350b8b644965eb4395bca290ee3d62f) Importer(815301076,1909f56bfc062723c751e8b465ee728b)
Start importing Assets/Scenes/Player2.unity using Guid(c350b8b644965eb4395bca290ee3d62f) Importer(815301076,1909f56bfc062723c751e8b465ee728b)  -> (artifact id: '0cf7dc80b800bccd0c605a065d0f13b9') in 0.015029 seconds
Number of updated asset objects reloaded before import = 0
Number of asset objects unloaded after import = 0
========================================================================
Received Import Request.
  Time since last request: 16.691205 seconds.
  path: Assets/Prefabs/LekkiKrazownik.prefab
  artifactKey: Guid(a9c79f0682b6c6e4abbdd8327a921d5e) Importer(815301076,1909f56bfc062723c751e8b465ee728b)
Start importing Assets/Prefabs/LekkiKrazownik.prefab using Guid(a9c79f0682b6c6e4abbdd8327a921d5e) Importer(815301076,1909f56bfc062723c751e8b465ee728b)  -> (artifact id: 'a62ea8f55219ce1969131c8ce7def53d') in 0.096827 seconds
Number of updated asset objects reloaded before import = 0
Number of asset objects unloaded after import = 181
========================================================================
Received Prepare
Begin MonoManager ReloadAssembly
- Loaded All Assemblies, in  0.355 seconds
Refreshing native plugins compatible for Editor in 3.05 ms, found 4 plugins.
Native extension for WindowsStandalone target not found
[Package Manager] Server::EnsureServerProcessIsRunning -- launch failed, reason: Unity was launched with the -noUpm command-line argument
[Package Manager] UpmClient::Send -- Unable to send message (not connected to UPM process).
[Package Manager] Cannot connect to Unity Package Manager local server
Mono: successfully reloaded assembly
- Finished resetting the current domain, in  0.989 seconds
Domain Reload Profiling: 1342ms
	BeginReloadAssembly (131ms)
		ExecutionOrderSort (0ms)
		DisableScriptedObjects (3ms)
		BackupInstance (0ms)
		ReleaseScriptingObjects (0ms)
		CreateAndSetChildDomain (34ms)
	RebuildCommonClasses (22ms)
	RebuildNativeTypeToScriptingClass (9ms)
	initialDomainReloadingComplete (21ms)
	LoadAllAssembliesAndSetupDomain (169ms)
		LoadAssemblies (224ms)
		RebuildTransferFunctionScriptingTraits (0ms)
		AnalyzeDomain (10ms)
			TypeCache.Refresh (5ms)
				TypeCache.ScanAssembly (0ms)
			ScanForSourceGeneratedMonoScriptInfo (0ms)
			ResolveRequiredComponents (4ms)
	FinalizeReload (990ms)
		ReleaseScriptCaches (0ms)
		RebuildScriptCaches (0ms)
		SetupLoadedEditorAssemblies (482ms)
			LogAssemblyErrors (0ms)
			InitializePlatformSupportModulesInManaged (8ms)
			SetLoadedEditorAssemblies (8ms)
			RefreshPlugins (0ms)
			BeforeProcessingInitializeOnLoad (68ms)
			ProcessInitializeOnLoadAttributes (367ms)
			ProcessInitializeOnLoadMethodAttributes (27ms)
			AfterProcessingInitializeOnLoad (5ms)
			EditorAssembliesLoaded (0ms)
		ExecutionOrderSort2 (0ms)
		AwakeInstancesAfterBackupRestoration (11ms)
Refreshing native plugins compatible for Editor in 3.47 ms, found 4 plugins.
Preloading 0 native plugins for Editor in 0.00 ms.
Unloading 3158 Unused Serialized files (Serialized files now loaded: 0)
Unloading 29 unused Assets / (0.8 MB). Loaded Objects now: 3718.
Memory consumption went from 218.9 MB to 218.0 MB.
Total: 5.293500 ms (FindLiveObjects: 0.547000 ms CreateObjectMapping: 0.342200 ms MarkObjects: 3.814500 ms  DeleteObjects: 0.588600 ms)

Prepare: number of updated asset objects reloaded= 0
AssetImportParameters requested are different than current active one (requested -> active):
  custom:container-demuxer-ogg: 62fdf1f143b41e24485cea50d1cbac27 -> 
  custom:video-codec-MediaFoundation-h265: 746d11721c4dcdbdad8f713fa42b33f4 -> 
  custom:video-decoder-ogg-theora: a1e56fd34408186e4bbccfd4996cb3dc -> 
  custom:framework-win-MediaFoundation: 216162199b28c13a410421893ffa2e32 -> 
  custom:CustomObjectIndexerAttribute: 756ad292c208cfabdd7b50bc23989ffe -> 
  custom:container-demuxer-webm: 4f35f7cbe854078d1ac9338744f61a02 -> 
  custom:container-muxer-webm: aa71ff27fc2769a1b78a27578f13a17b -> 
  custom:video-decoder-webm-vp8: 9c59270c3fd7afecdb556c50c9e8de78 -> 
  custom:SearchIndexIgnoredProperties: e643bd26f0fe6173181afceb89e7c659 -> 
  custom:AudioImporter_EditorPlatform: d09bf68614088b80899f8185d706f6e7 -> 
  custom:video-encoder-webm-vp8: eb34c28f22e8b96e1ab97ce403110664 -> 
  custom:audio-decoder-ogg-vorbis: bf7c407c2cedff20999df2af8eb42d56 -> 
  custom:audio-encoder-webm-vorbis: bf7c407c2cedff20999df2af8eb42d56 -> 
========================================================================
Received Import Request.
  Time since last request: 42.996961 seconds.
  path: Assets/Farming_game_FX/Materials/Farming
  artifactKey: Guid(d2811ddc1e7177541b059bf52437c2ce) Importer(815301076,1909f56bfc062723c751e8b465ee728b)
Start importing Assets/Farming_game_FX/Materials/Farming using Guid(d2811ddc1e7177541b059bf52437c2ce) Importer(815301076,1909f56bfc062723c751e8b465ee728b)  -> (artifact id: 'f23a5b8451fdb196d893b689909460a4') in 0.003659 seconds
Number of updated asset objects reloaded before import = 0
Number of asset objects unloaded after import = 0
========================================================================
Received Import Request.
  Time since last request: 0.086758 seconds.
  path: Assets/Farming_game_FX/Materials/Farming/atom_particle.mat
  artifactKey: Guid(cb709884ddf7f8b4abae6622139231e3) Importer(815301076,1909f56bfc062723c751e8b465ee728b)
Start importing Assets/Farming_game_FX/Materials/Farming/atom_particle.mat using Guid(cb709884ddf7f8b4abae6622139231e3) Importer(815301076,1909f56bfc062723c751e8b465ee728b)  -> (artifact id: '3bfa8034e86d8e25e6133a2960dd6123') in 0.076122 seconds
Number of updated asset objects reloaded before import = 0
Number of asset objects unloaded after import = 2
========================================================================
Received Import Request.
  Time since last request: 0.001193 seconds.
  path: Assets/Farming_game_FX/Materials/Farming/water2.mat
  artifactKey: Guid(2f8c1a7ebe178b147bb2cc1b65c04a32) Importer(815301076,1909f56bfc062723c751e8b465ee728b)
Start importing Assets/Farming_game_FX/Materials/Farming/water2.mat using Guid(2f8c1a7ebe178b147bb2cc1b65c04a32) Importer(815301076,1909f56bfc062723c751e8b465ee728b)  -> (artifact id: '71edcfbd89c238bbe2473d677b755afc') in 0.030497 seconds
Number of updated asset objects reloaded before import = 0
Number of asset objects unloaded after import = 2
========================================================================
Received Import Request.
  Time since last request: 0.000801 seconds.
  path: Assets/Farming_game_FX/Materials/Farming/smoke1.mat
  artifactKey: Guid(682c7e22ae804e44590e9b08735281b2) Importer(815301076,1909f56bfc062723c751e8b465ee728b)
Start importing Assets/Farming_game_FX/Materials/Farming/smoke1.mat using Guid(682c7e22ae804e44590e9b08735281b2) Importer(815301076,1909f56bfc062723c751e8b465ee728b)  -> (artifact id: 'd510815a110bcf8a27a36b2f945f84af') in 0.016418 seconds
Number of updated asset objects reloaded before import = 0
Number of asset objects unloaded after import = 2
========================================================================
Received Import Request.
  Time since last request: 0.001261 seconds.
  path: Assets/Farming_game_FX/Materials/Farming/ring.mat
  artifactKey: Guid(fa4c2b686c2ece74ca45dc53e458b6d8) Importer(815301076,1909f56bfc062723c751e8b465ee728b)
Start importing Assets/Farming_game_FX/Materials/Farming/ring.mat using Guid(fa4c2b686c2ece74ca45dc53e458b6d8) Importer(815301076,1909f56bfc062723c751e8b465ee728b)  -> (artifact id: '2fa8b023bc85061c4541d2b4a116e1de') in 0.018795 seconds
Number of updated asset objects reloaded before import = 0
Number of asset objects unloaded after import = 2
========================================================================
Received Import Request.
  Time since last request: 0.000803 seconds.
  path: Assets/Farming_game_FX/Materials/Farming/ring2.mat
  artifactKey: Guid(3a3fa770f9305f243a5e349a676f1e24) Importer(815301076,1909f56bfc062723c751e8b465ee728b)
Start importing Assets/Farming_game_FX/Materials/Farming/ring2.mat using Guid(3a3fa770f9305f243a5e349a676f1e24) Importer(815301076,1909f56bfc062723c751e8b465ee728b)  -> (artifact id: 'f35eeb973afa81eb1c6cbb379cdf989b') in 0.017380 seconds
Number of updated asset objects reloaded before import = 0
Number of asset objects unloaded after import = 2
========================================================================
Received Import Request.
  Time since last request: 0.000253 seconds.
  path: Assets/Farming_game_FX/Materials/Farming/water1.mat
  artifactKey: Guid(5ca6c4e55ce4d51419f552db360026f7) Importer(815301076,1909f56bfc062723c751e8b465ee728b)
Start importing Assets/Farming_game_FX/Materials/Farming/water1.mat using Guid(5ca6c4e55ce4d51419f552db360026f7) Importer(815301076,1909f56bfc062723c751e8b465ee728b)  -> (artifact id: '0efeb0eb0db211d03f0ac1eaedfac3be') in 0.021722 seconds
Number of updated asset objects reloaded before import = 0
Number of asset objects unloaded after import = 2
========================================================================
Received Import Request.
  Time since last request: 0.000878 seconds.
  path: Assets/Farming_game_FX/Materials/Farming/wing.mat
  artifactKey: Guid(fca3499a80f94e14bbc048b77bc95031) Importer(815301076,1909f56bfc062723c751e8b465ee728b)
Start importing Assets/Farming_game_FX/Materials/Farming/wing.mat using Guid(fca3499a80f94e14bbc048b77bc95031) Importer(815301076,1909f56bfc062723c751e8b465ee728b)  -> (artifact id: 'b37eb1071f361ac0478facbb8a287cea') in 0.014539 seconds
Number of updated asset objects reloaded before import = 0
Number of asset objects unloaded after import = 1
========================================================================
Received Import Request.
  Time since last request: 0.000345 seconds.
  path: Assets/Farming_game_FX/Materials/Farming/smoke2.mat
  artifactKey: Guid(9ec4316547e963345b2fc6e656a324d4) Importer(815301076,1909f56bfc062723c751e8b465ee728b)
Start importing Assets/Farming_game_FX/Materials/Farming/smoke2.mat using Guid(9ec4316547e963345b2fc6e656a324d4) Importer(815301076,1909f56bfc062723c751e8b465ee728b)  -> (artifact id: '3bf86c7bb8e1f60b5432c73366ec535a') in 0.022774 seconds
Number of updated asset objects reloaded before import = 0
Number of asset objects unloaded after import = 2
========================================================================
Received Import Request.
  Time since last request: 0.000027 seconds.
  path: Assets/Farming_game_FX/Materials/Farming/smoke3.mat
  artifactKey: Guid(d5b8abc4b139fd24796e582b558cc0a5) Importer(815301076,1909f56bfc062723c751e8b465ee728b)
Start importing Assets/Farming_game_FX/Materials/Farming/smoke3.mat using Guid(d5b8abc4b139fd24796e582b558cc0a5) Importer(815301076,1909f56bfc062723c751e8b465ee728b)  -> (artifact id: 'e32f7da128d07c7eb5418fc15ceb670f') in 0.013551 seconds
Number of updated asset objects reloaded before import = 0
Number of asset objects unloaded after import = 2
========================================================================
Received Import Request.
  Time since last request: 1.286968 seconds.
  path: Assets/Farming_game_FX/Materials/Farming/Textures
  artifactKey: Guid(766142d304ff477408176250b5220226) Importer(815301076,1909f56bfc062723c751e8b465ee728b)
Start importing Assets/Farming_game_FX/Materials/Farming/Textures using Guid(766142d304ff477408176250b5220226) Importer(815301076,1909f56bfc062723c751e8b465ee728b)  -> (artifact id: 'bcb19ab6035d9b7b9996a8b8b9269746') in 0.001440 seconds
Number of updated asset objects reloaded before import = 0
Number of asset objects unloaded after import = 0
========================================================================
Received Import Request.
  Time since last request: 0.094075 seconds.
  path: Assets/Farming_game_FX/Materials/Farming/Textures/atom_particle.png
  artifactKey: Guid(4e57b06155f32894697f53e2fce7f1af) Importer(815301076,1909f56bfc062723c751e8b465ee728b)
Start importing Assets/Farming_game_FX/Materials/Farming/Textures/atom_particle.png using Guid(4e57b06155f32894697f53e2fce7f1af) Importer(815301076,1909f56bfc062723c751e8b465ee728b)  -> (artifact id: '7a6581bc35c4beb72ab50377d181271a') in 0.028998 seconds
Number of updated asset objects reloaded before import = 0
Number of asset objects unloaded after import = 2
========================================================================
Received Import Request.
  Time since last request: 0.000079 seconds.
  path: Assets/Farming_game_FX/Materials/Farming/Textures/water1.png
  artifactKey: Guid(e84ca567754c52042ab52f4b0c75190f) Importer(815301076,1909f56bfc062723c751e8b465ee728b)
Start importing Assets/Farming_game_FX/Materials/Farming/Textures/water1.png using Guid(e84ca567754c52042ab52f4b0c75190f) Importer(815301076,1909f56bfc062723c751e8b465ee728b)  -> (artifact id: 'e8dc8cc333788ab106757b463883f341') in 0.014004 seconds
Number of updated asset objects reloaded before import = 0
Number of asset objects unloaded after import = 2
========================================================================
Received Import Request.
  Time since last request: 0.000046 seconds.
  path: Assets/Farming_game_FX/Materials/Farming/Textures/leaf.png
  artifactKey: Guid(5e932e31079bdcc4eb306cd24ae0754d) Importer(815301076,1909f56bfc062723c751e8b465ee728b)
Start importing Assets/Farming_game_FX/Materials/Farming/Textures/leaf.png using Guid(5e932e31079bdcc4eb306cd24ae0754d) Importer(815301076,1909f56bfc062723c751e8b465ee728b)  -> (artifact id: '08395536d587435a477ff382502bf83c') in 0.021280 seconds
Number of updated asset objects reloaded before import = 0
Number of asset objects unloaded after import = 2
========================================================================
Received Import Request.
  Time since last request: 0.000018 seconds.
  path: Assets/Farming_game_FX/Materials/Farming/Textures/ring.png
  artifactKey: Guid(0c1b67ac6519346498af1aaee98e5d88) Importer(815301076,1909f56bfc062723c751e8b465ee728b)
Start importing Assets/Farming_game_FX/Materials/Farming/Textures/ring.png using Guid(0c1b67ac6519346498af1aaee98e5d88) Importer(815301076,1909f56bfc062723c751e8b465ee728b)  -> (artifact id: 'd82df9e4edaf9caad0e20228bd52cbc5') in 0.011791 seconds
Number of updated asset objects reloaded before import = 0
Number of asset objects unloaded after import = 2
========================================================================
Received Import Request.
  Time since last request: 0.000198 seconds.
  path: Assets/Farming_game_FX/Materials/Farming/Textures/smoke2.png
  artifactKey: Guid(99967b8a32570884ca4ad0287dddd045) Importer(815301076,1909f56bfc062723c751e8b465ee728b)
Start importing Assets/Farming_game_FX/Materials/Farming/Textures/smoke2.png using Guid(99967b8a32570884ca4ad0287dddd045) Importer(815301076,1909f56bfc062723c751e8b465ee728b)  -> (artifact id: 'd6e0e1264fea96eb367131046186cb27') in 0.013449 seconds
Number of updated asset objects reloaded before import = 0
Number of asset objects unloaded after import = 2
========================================================================
Received Prepare
Begin MonoManager ReloadAssembly
- Loaded All Assemblies, in  0.460 seconds
Refreshing native plugins compatible for Editor in 3.72 ms, found 4 plugins.
Native extension for WindowsStandalone target not found
[Package Manager] Server::EnsureServerProcessIsRunning -- launch failed, reason: Unity was launched with the -noUpm command-line argument
[Package Manager] UpmClient::Send -- Unable to send message (not connected to UPM process).
[Package Manager] Cannot connect to Unity Package Manager local server
Mono: successfully reloaded assembly
- Finished resetting the current domain, in  1.050 seconds
Domain Reload Profiling: 1505ms
	BeginReloadAssembly (154ms)
		ExecutionOrderSort (0ms)
		DisableScriptedObjects (7ms)
		BackupInstance (0ms)
		ReleaseScriptingObjects (0ms)
		CreateAndSetChildDomain (29ms)
	RebuildCommonClasses (27ms)
	RebuildNativeTypeToScriptingClass (10ms)
	initialDomainReloadingComplete (25ms)
	LoadAllAssembliesAndSetupDomain (238ms)
		LoadAssemblies (309ms)
		RebuildTransferFunctionScriptingTraits (0ms)
		AnalyzeDomain (14ms)
			TypeCache.Refresh (7ms)
				TypeCache.ScanAssembly (0ms)
			ScanForSourceGeneratedMonoScriptInfo (0ms)
			ResolveRequiredComponents (6ms)
	FinalizeReload (1051ms)
		ReleaseScriptCaches (0ms)
		RebuildScriptCaches (0ms)
		SetupLoadedEditorAssemblies (491ms)
			LogAssemblyErrors (0ms)
			InitializePlatformSupportModulesInManaged (7ms)
			SetLoadedEditorAssemblies (6ms)
			RefreshPlugins (0ms)
			BeforeProcessingInitializeOnLoad (58ms)
			ProcessInitializeOnLoadAttributes (365ms)
			ProcessInitializeOnLoadMethodAttributes (46ms)
			AfterProcessingInitializeOnLoad (9ms)
			EditorAssembliesLoaded (0ms)
		ExecutionOrderSort2 (0ms)
		AwakeInstancesAfterBackupRestoration (10ms)
Refreshing native plugins compatible for Editor in 5.81 ms, found 4 plugins.
Preloading 0 native plugins for Editor in 0.00 ms.
Unloading 3158 Unused Serialized files (Serialized files now loaded: 0)
Unloading 29 unused Assets / (0.8 MB). Loaded Objects now: 3723.
Memory consumption went from 220.7 MB to 220.0 MB.
Total: 4.835400 ms (FindLiveObjects: 0.493400 ms CreateObjectMapping: 0.278100 ms MarkObjects: 3.489900 ms  DeleteObjects: 0.572000 ms)

Prepare: number of updated asset objects reloaded= 0
AssetImportParameters requested are different than current active one (requested -> active):
  custom:container-demuxer-ogg: 62fdf1f143b41e24485cea50d1cbac27 -> 
  custom:video-codec-MediaFoundation-h265: 746d11721c4dcdbdad8f713fa42b33f4 -> 
  custom:video-decoder-ogg-theora: a1e56fd34408186e4bbccfd4996cb3dc -> 
  custom:framework-win-MediaFoundation: 216162199b28c13a410421893ffa2e32 -> 
  custom:CustomObjectIndexerAttribute: 756ad292c208cfabdd7b50bc23989ffe -> 
  custom:container-demuxer-webm: 4f35f7cbe854078d1ac9338744f61a02 -> 
  custom:container-muxer-webm: aa71ff27fc2769a1b78a27578f13a17b -> 
  custom:video-decoder-webm-vp8: 9c59270c3fd7afecdb556c50c9e8de78 -> 
  custom:SearchIndexIgnoredProperties: e643bd26f0fe6173181afceb89e7c659 -> 
  custom:AudioImporter_EditorPlatform: d09bf68614088b80899f8185d706f6e7 -> 
  custom:video-encoder-webm-vp8: eb34c28f22e8b96e1ab97ce403110664 -> 
  custom:audio-decoder-ogg-vorbis: bf7c407c2cedff20999df2af8eb42d56 -> 
  custom:audio-encoder-webm-vorbis: bf7c407c2cedff20999df2af8eb42d56 -> 
Editor requested this worker to shutdown with reason: Scaling down because of idle timeout
TcpMessagingSession - receive error: operation aborted. errorcode: 995, details: Operacja We/Wy zostala przerwana z powodu zakonczenia watku lub zadania aplikacji.
AssetImportWorker is now disconnected from the server
Process exiting
Exiting without the bug reporter. Application will terminate with return code 0